开始导入模式[SPT_USER]......
导入模式中的 NECESSARY GLOBAL 对象……
导入 PROCEDURE 对象……
导入 PROCEDURE 对象……
模式中的 NECESSARY GLOBAL 对象导入完成……

----- [2021-02-26 10:02:48]导入表：ORG_DEP_ICON -----


[警告]表已存在，表 ORG_DEP_ICON 导入失败...

----- [2021-02-26 10:02:48]导入表：ORG_FAXTYPE -----


[警告]表已存在，表 ORG_FAXTYPE 导入失败...

----- [2021-02-26 10:02:48]导入表：ORG_TELTYPE -----


[警告]表已存在，表 ORG_TELTYPE 导入失败...

----- [2021-02-26 10:02:48]导入表：PRO_PRODUCT -----


[警告]表已存在，表 PRO_PRODUCT 导入失败...

----- [2021-02-26 10:02:48]导入表：TMP_AUTH_FUNCTION -----


[警告]表已存在，表 TMP_AUTH_FUNCTION 导入失败...

----- [2021-02-26 10:02:48]导入表：TMP_ORG_FAX -----


[警告]表已存在，表 TMP_ORG_FAX 导入失败...

----- [2021-02-26 10:02:48]导入表：TMP_ORG_TEL -----


[警告]表已存在，表 TMP_ORG_TEL 导入失败...

----- [2021-02-26 10:02:48]导入表：TMP_PRO_KEY -----


[警告]表已存在，表 TMP_PRO_KEY 导入失败...

----- [2021-02-26 10:02:48]导入表：TMP_PRO_KEY_VS_DEP -----


[警告]表已存在，表 TMP_PRO_KEY_VS_DEP 导入失败...

----- [2021-02-26 10:02:48]导入表：TMP_PRO_KEY_VS_USER -----


[警告]表已存在，表 TMP_PRO_KEY_VS_USER 导入失败...

----- [2021-02-26 10:02:48]导入表：ORG_FAX -----


[警告]表已存在，表 ORG_FAX 导入失败...

----- [2021-02-26 10:02:48]导入表：ORG_TEL -----


[警告]表已存在，表 ORG_TEL 导入失败...

----- [2021-02-26 10:02:48]导入表：PRO_KEY -----


[警告]表已存在，表 PRO_KEY 导入失败...

----- [2021-02-26 10:02:48]导入表：PRO_KEY_VS_DEP -----


[警告]表已存在，表 PRO_KEY_VS_DEP 导入失败...

----- [2021-02-26 10:02:48]导入表：PRO_KEY_VS_USER -----


[警告]表已存在，表 PRO_KEY_VS_USER 导入失败...

----- [2021-02-26 10:02:48]导入表：ORG_MEM -----


[警告]表已存在，表 ORG_MEM 导入失败...

----- [2021-02-26 10:02:48]导入表：MENU -----


[警告]表已存在，表 MENU 导入失败...

----- [2021-02-26 10:02:48]导入表：POSTDEP -----


[警告]表已存在，表 POSTDEP 导入失败...

----- [2021-02-26 10:02:48]导入表：ROLE -----


[警告]表已存在，表 ROLE 导入失败...

----- [2021-02-26 10:02:48]导入表：ROLE_VS_MENU -----


[警告]表已存在，表 ROLE_VS_MENU 导入失败...

----- [2021-02-26 10:02:48]导入表：tempuser -----


[警告]表已存在，表 tempuser 导入失败...

----- [2021-02-26 10:02:48]导入表：ORG_KESHI -----


[警告]表已存在，表 ORG_KESHI 导入失败...

----- [2021-02-26 10:02:48]导入表：ORG_USER_VS_DEP -----


[警告]表已存在，表 ORG_USER_VS_DEP 导入失败...

----- [2021-02-26 10:02:48]导入表：ORG_LEVEL -----


[警告]表已存在，表 ORG_LEVEL 导入失败...

----- [2021-02-26 10:02:48]导入表：VERIFICATIONCODETYPE -----


[警告]表已存在，表 VERIFICATIONCODETYPE 导入失败...

----- [2021-02-26 10:02:48]导入表：ORG_TOKEN -----


[警告]表已存在，表 ORG_TOKEN 导入失败...

----- [2021-02-26 10:02:49]导入表：ORG_CHANGEDEP -----


[警告]表已存在，表 ORG_CHANGEDEP 导入失败...

----- [2021-02-26 10:02:49]导入表：TMP_ORG_DEPARTMENT -----


[警告]表已存在，表 TMP_ORG_DEPARTMENT 导入失败...

----- [2021-02-26 10:02:49]导入表：TMP_ORG_USER -----


[警告]表已存在，表 TMP_ORG_USER 导入失败...

----- [2021-02-26 10:02:49]导入表：TMP_VERIFICATIONCODE -----


[警告]表已存在，表 TMP_VERIFICATIONCODE 导入失败...

----- [2021-02-26 10:02:49]导入表：ORG_DEPARTMENT -----


[警告]表已存在，表 ORG_DEPARTMENT 导入失败...

----- [2021-02-26 10:02:49]导入表：ORG_USER -----


[警告]表已存在，表 ORG_USER 导入失败...

----- [2021-02-26 10:02:49]导入表：VERIFICATIONCODE -----


[警告]表已存在，表 VERIFICATIONCODE 导入失败...

----- [2021-02-26 10:02:49]导入表：TMP_ORG_ADDRESS_BOOK -----


[警告]表已存在，表 TMP_ORG_ADDRESS_BOOK 导入失败...

----- [2021-02-26 10:02:49]导入表：TMP_ORG_BOOK_VS_USER -----


[警告]表已存在，表 TMP_ORG_BOOK_VS_USER 导入失败...

----- [2021-02-26 10:02:49]导入表：TMP_RM_DATARIGHT -----


[警告]表已存在，表 TMP_RM_DATARIGHT 导入失败...

----- [2021-02-26 10:02:49]导入表：ORG_ADDRESS_BOOK -----


[警告]表已存在，表 ORG_ADDRESS_BOOK 导入失败...

----- [2021-02-26 10:02:49]导入表：ORG_BOOK_VS_USER -----


[警告]表已存在，表 ORG_BOOK_VS_USER 导入失败...

----- [2021-02-26 10:02:49]导入表：RM_DATARIGHT -----


[警告]表已存在，表 RM_DATARIGHT 导入失败...
导入模式中的 GLOBAL 对象……
模式中的 GLOBAL 对象导入完成……
模式[SPT_USER]导入完成......

整个导入过程共花费    0.080 s


成功终止导入, 但出现警告
